{"C:\\Users\\amitr\\Desktop\\ProjektGrupowy\\OcenKierowce\\OcenKierowce\\App.js": {"path":"C:\\Users\\amitr\\Desktop\\ProjektGrupowy\\OcenKierowce\\OcenKierowce\\App.js","statementMap":{"0":{"start":{"line":11,"column":22},"end":{"line":20,"column":2}},"1":{"start":{"line":22,"column":21},"end":{"line":22,"column":54}},"2":{"start":{"line":23,"column":0},"end":{"line":30,"column":3}},"3":{"start":{"line":33,"column":23},"end":{"line":41,"column":1}},"4":{"start":{"line":42,"column":0},"end":{"line":42,"column":39}},"5":{"start":{"line":46,"column":4},"end":{"line":46,"column":28}}},"fnMap":{"0":{"name":"(anonymous_0)","decl":{"start":{"line":45,"column":2},"end":{"line":45,"column":3}},"loc":{"start":{"line":45,"column":11},"end":{"line":47,"column":3}},"line":45}},"branchMap":{},"s":{"0":0,"1":0,"2":0,"3":0,"4":0,"5":0},"f":{"0":0},"b":{},"hash":"781f397cf46a970e8efb772d9c22456b1341d4c3"}
,"C:\\Users\\amitr\\Desktop\\ProjektGrupowy\\OcenKierowce\\OcenKierowce\\src\\components\\BackButton.js": {"path":"C:\\Users\\amitr\\Desktop\\ProjektGrupowy\\OcenKierowce\\OcenKierowce\\src\\components\\BackButton.js","statementMap":{"0":{"start":{"line":6,"column":4},"end":{"line":20,"column":6}}},"fnMap":{"0":{"name":"(anonymous_0)","decl":{"start":{"line":5,"column":2},"end":{"line":5,"column":3}},"loc":{"start":{"line":5,"column":11},"end":{"line":21,"column":3}},"line":5}},"branchMap":{},"s":{"0":0},"f":{"0":0},"b":{},"hash":"df5592d1d83b2ade3646817bc57ff78cab85935f"}
,"C:\\Users\\amitr\\Desktop\\ProjektGrupowy\\OcenKierowce\\OcenKierowce\\src\\components\\BigAlert.js": {"path":"C:\\Users\\amitr\\Desktop\\ProjektGrupowy\\OcenKierowce\\OcenKierowce\\src\\components\\BigAlert.js","statementMap":{"0":{"start":{"line":8,"column":4},"end":{"line":8,"column":17}},"1":{"start":{"line":9,"column":4},"end":{"line":11,"column":6}},"2":{"start":{"line":12,"column":4},"end":{"line":12,"column":34}},"3":{"start":{"line":16,"column":4},"end":{"line":42,"column":5}},"4":{"start":{"line":17,"column":16},"end":{"line":40,"column":10}},"5":{"start":{"line":29,"column":20},"end":{"line":29,"column":40}},"6":{"start":{"line":30,"column":10},"end":{"line":30,"column":36}},"7":{"start":{"line":31,"column":10},"end":{"line":33,"column":12}},"8":{"start":{"line":32,"column":23},"end":{"line":32,"column":35}},"9":{"start":{"line":34,"column":10},"end":{"line":34,"column":31}},"10":{"start":{"line":35,"column":10},"end":{"line":35,"column":21}},"11":{"start":{"line":36,"column":10},"end":{"line":36,"column":21}},"12":{"start":{"line":39,"column":10},"end":{"line":39,"column":22}},"13":{"start":{"line":41,"column":6},"end":{"line":41,"column":39}},"14":{"start":{"line":47,"column":4},"end":{"line":60,"column":5}},"15":{"start":{"line":49,"column":8},"end":{"line":49,"column":26}},"16":{"start":{"line":50,"column":8},"end":{"line":50,"column":14}},"17":{"start":{"line":53,"column":8},"end":{"line":53,"column":26}},"18":{"start":{"line":54,"column":8},"end":{"line":54,"column":14}},"19":{"start":{"line":57,"column":8},"end":{"line":57,"column":26}},"20":{"start":{"line":58,"column":8},"end":{"line":58,"column":14}},"21":{"start":{"line":61,"column":4},"end":{"line":87,"column":6}},"22":{"start":{"line":65,"column":23},"end":{"line":65,"column":64}},"23":{"start":{"line":92,"column":15},"end":{"line":131,"column":2}}},"fnMap":{"0":{"name":"(anonymous_0)","decl":{"start":{"line":7,"column":2},"end":{"line":7,"column":3}},"loc":{"start":{"line":7,"column":21},"end":{"line":13,"column":3}},"line":7},"1":{"name":"(anonymous_1)","decl":{"start":{"line":15,"column":2},"end":{"line":15,"column":3}},"loc":{"start":{"line":15,"column":28},"end":{"line":43,"column":3}},"line":15},"2":{"name":"(anonymous_2)","decl":{"start":{"line":25,"column":14},"end":{"line":25,"column":15}},"loc":{"start":{"line":25,"column":28},"end":{"line":37,"column":9}},"line":25},"3":{"name":"(anonymous_3)","decl":{"start":{"line":31,"column":23},"end":{"line":31,"column":24}},"loc":{"start":{"line":31,"column":39},"end":{"line":33,"column":11}},"line":31},"4":{"name":"(anonymous_4)","decl":{"start":{"line":38,"column":15},"end":{"line":38,"column":16}},"loc":{"start":{"line":38,"column":21},"end":{"line":40,"column":9}},"line":38},"5":{"name":"(anonymous_5)","decl":{"start":{"line":45,"column":2},"end":{"line":45,"column":3}},"loc":{"start":{"line":45,"column":11},"end":{"line":88,"column":3}},"line":45},"6":{"name":"(anonymous_6)","decl":{"start":{"line":65,"column":17},"end":{"line":65,"column":18}},"loc":{"start":{"line":65,"column":23},"end":{"line":65,"column":64}},"line":65}},"branchMap":{"0":{"loc":{"start":{"line":16,"column":4},"end":{"line":42,"column":5}},"type":"if","locations":[{"start":{"line":16,"column":4},"end":{"line":42,"column":5}},{"start":{"line":16,"column":4},"end":{"line":42,"column":5}}],"line":16},"1":{"loc":{"start":{"line":47,"column":4},"end":{"line":60,"column":5}},"type":"switch","locations":[{"start":{"line":48,"column":6},"end":{"line":51,"column":7}},{"start":{"line":52,"column":6},"end":{"line":55,"column":7}},{"start":{"line":56,"column":6},"end":{"line":59,"column":7}}],"line":47},"2":{"loc":{"start":{"line":76,"column":9},"end":{"line":85,"column":16}},"type":"cond-expr","locations":[{"start":{"line":77,"column":10},"end":{"line":84,"column":17}},{"start":{"line":85,"column":12},"end":{"line":85,"column":16}}],"line":76}},"s":{"0":0,"1":0,"2":0,"3":0,"4":0,"5":0,"6":0,"7":0,"8":0,"9":0,"10":0,"11":0,"12":0,"13":0,"14":0,"15":0,"16":0,"17":0,"18":0,"19":0,"20":0,"21":0,"22":0,"23":0},"f":{"0":0,"1":0,"2":0,"3":0,"4":0,"5":0,"6":0},"b":{"0":[0,0],"1":[0,0,0],"2":[0,0]},"hash":"9d74645a674e8e437fc1c2d2c9afddbe91c434c8"}
,"C:\\Users\\amitr\\Desktop\\ProjektGrupowy\\OcenKierowce\\OcenKierowce\\src\\components\\BigButton.js": {"path":"C:\\Users\\amitr\\Desktop\\ProjektGrupowy\\OcenKierowce\\OcenKierowce\\src\\components\\BigButton.js","statementMap":{"0":{"start":{"line":6,"column":4},"end":{"line":6,"column":17}},"1":{"start":{"line":9,"column":4},"end":{"line":22,"column":6}},"2":{"start":{"line":27,"column":15},"end":{"line":46,"column":2}}},"fnMap":{"0":{"name":"(anonymous_0)","decl":{"start":{"line":5,"column":2},"end":{"line":5,"column":3}},"loc":{"start":{"line":5,"column":21},"end":{"line":7,"column":3}},"line":5},"1":{"name":"(anonymous_1)","decl":{"start":{"line":8,"column":2},"end":{"line":8,"column":3}},"loc":{"start":{"line":8,"column":11},"end":{"line":23,"column":3}},"line":8}},"branchMap":{"0":{"loc":{"start":{"line":18,"column":17},"end":{"line":18,"column":75}},"type":"cond-expr","locations":[{"start":{"line":18,"column":46},"end":{"line":18,"column":61}},{"start":{"line":18,"column":64},"end":{"line":18,"column":75}}],"line":18}},"s":{"0":0,"1":0,"2":0},"f":{"0":0,"1":0},"b":{"0":[0,0]},"hash":"c88255c387aebc6b2e3382cf6425ff0723d63bb5"}
,"C:\\Users\\amitr\\Desktop\\ProjektGrupowy\\OcenKierowce\\OcenKierowce\\src\\components\\MessageTypeSelector.js": {"path":"C:\\Users\\amitr\\Desktop\\ProjektGrupowy\\OcenKierowce\\OcenKierowce\\src\\components\\MessageTypeSelector.js","statementMap":{"0":{"start":{"line":5,"column":14},"end":{"line":5,"column":36}},"1":{"start":{"line":8,"column":4},"end":{"line":8,"column":17}},"2":{"start":{"line":10,"column":4},"end":{"line":10,"column":41}},"3":{"start":{"line":13,"column":4},"end":{"line":18,"column":7}},"4":{"start":{"line":19,"column":4},"end":{"line":19,"column":41}},"5":{"start":{"line":22,"column":4},"end":{"line":62,"column":5}},"6":{"start":{"line":24,"column":8},"end":{"line":34,"column":10}},"7":{"start":{"line":28,"column":27},"end":{"line":28,"column":44}},"8":{"start":{"line":37,"column":8},"end":{"line":47,"column":10}},"9":{"start":{"line":41,"column":27},"end":{"line":41,"column":44}},"10":{"start":{"line":50,"column":8},"end":{"line":60,"column":10}},"11":{"start":{"line":54,"column":27},"end":{"line":54,"column":44}}},"fnMap":{"0":{"name":"(anonymous_0)","decl":{"start":{"line":7,"column":2},"end":{"line":7,"column":3}},"loc":{"start":{"line":7,"column":21},"end":{"line":11,"column":3}},"line":7},"1":{"name":"(anonymous_1)","decl":{"start":{"line":12,"column":2},"end":{"line":12,"column":3}},"loc":{"start":{"line":12,"column":15},"end":{"line":20,"column":3}},"line":12},"2":{"name":"(anonymous_2)","decl":{"start":{"line":21,"column":2},"end":{"line":21,"column":3}},"loc":{"start":{"line":21,"column":11},"end":{"line":63,"column":3}},"line":21},"3":{"name":"(anonymous_3)","decl":{"start":{"line":28,"column":21},"end":{"line":28,"column":22}},"loc":{"start":{"line":28,"column":27},"end":{"line":28,"column":44}},"line":28},"4":{"name":"(anonymous_4)","decl":{"start":{"line":41,"column":21},"end":{"line":41,"column":22}},"loc":{"start":{"line":41,"column":27},"end":{"line":41,"column":44}},"line":41},"5":{"name":"(anonymous_5)","decl":{"start":{"line":54,"column":21},"end":{"line":54,"column":22}},"loc":{"start":{"line":54,"column":27},"end":{"line":54,"column":44}},"line":54}},"branchMap":{"0":{"loc":{"start":{"line":15,"column":8},"end":{"line":17,"column":61}},"type":"cond-expr","locations":[{"start":{"line":16,"column":12},"end":{"line":16,"column":20}},{"start":{"line":17,"column":12},"end":{"line":17,"column":61}}],"line":15},"1":{"loc":{"start":{"line":22,"column":4},"end":{"line":62,"column":5}},"type":"switch","locations":[{"start":{"line":23,"column":6},"end":{"line":35,"column":7}},{"start":{"line":36,"column":6},"end":{"line":48,"column":7}},{"start":{"line":49,"column":6},"end":{"line":61,"column":7}}],"line":22}},"s":{"0":0,"1":0,"2":0,"3":0,"4":0,"5":0,"6":0,"7":0,"8":0,"9":0,"10":0,"11":0},"f":{"0":0,"1":0,"2":0,"3":0,"4":0,"5":0},"b":{"0":[0,0],"1":[0,0,0]},"hash":"6fc4006ad432df7cf1f568b322230b058a9e4dad"}
,"C:\\Users\\amitr\\Desktop\\ProjektGrupowy\\OcenKierowce\\OcenKierowce\\src\\components\\Opinion.js": {"path":"C:\\Users\\amitr\\Desktop\\ProjektGrupowy\\OcenKierowce\\OcenKierowce\\src\\components\\Opinion.js","statementMap":{"0":{"start":{"line":6,"column":4},"end":{"line":6,"column":17}},"1":{"start":{"line":10,"column":4},"end":{"line":20,"column":5}},"2":{"start":{"line":12,"column":8},"end":{"line":12,"column":26}},"3":{"start":{"line":13,"column":8},"end":{"line":13,"column":14}},"4":{"start":{"line":17,"column":8},"end":{"line":17,"column":26}},"5":{"start":{"line":18,"column":8},"end":{"line":18,"column":14}},"6":{"start":{"line":21,"column":4},"end":{"line":28,"column":6}},"7":{"start":{"line":33,"column":15},"end":{"line":48,"column":2}}},"fnMap":{"0":{"name":"(anonymous_0)","decl":{"start":{"line":5,"column":2},"end":{"line":5,"column":3}},"loc":{"start":{"line":5,"column":21},"end":{"line":7,"column":3}},"line":5},"1":{"name":"(anonymous_1)","decl":{"start":{"line":8,"column":2},"end":{"line":8,"column":3}},"loc":{"start":{"line":8,"column":11},"end":{"line":29,"column":3}},"line":8}},"branchMap":{"0":{"loc":{"start":{"line":10,"column":4},"end":{"line":20,"column":5}},"type":"switch","locations":[{"start":{"line":11,"column":6},"end":{"line":14,"column":7}},{"start":{"line":16,"column":6},"end":{"line":19,"column":7}}],"line":10}},"s":{"0":0,"1":0,"2":0,"3":0,"4":0,"5":0,"6":0,"7":0},"f":{"0":0,"1":0},"b":{"0":[0,0]},"hash":"096cf45a0cd71083e05c39a00b19fb7e4ba9447b"}
,"C:\\Users\\amitr\\Desktop\\ProjektGrupowy\\OcenKierowce\\OcenKierowce\\src\\consts\\Styles.js": {"path":"C:\\Users\\amitr\\Desktop\\ProjektGrupowy\\OcenKierowce\\OcenKierowce\\src\\consts\\Styles.js","statementMap":{},"fnMap":{},"branchMap":{},"s":{},"f":{},"b":{},"hash":"970996d684a8e73e8202b568cc908ae19aaf9bbd"}
,"C:\\Users\\amitr\\Desktop\\ProjektGrupowy\\OcenKierowce\\OcenKierowce\\src\\containers\\AboutYou.js": {"path":"C:\\Users\\amitr\\Desktop\\ProjektGrupowy\\OcenKierowce\\OcenKierowce\\src\\containers\\AboutYou.js","statementMap":{"0":{"start":{"line":8,"column":4},"end":{"line":8,"column":17}},"1":{"start":{"line":9,"column":4},"end":{"line":11,"column":6}},"2":{"start":{"line":14,"column":4},"end":{"line":14,"column":27}},"3":{"start":{"line":17,"column":4},"end":{"line":17,"column":40}},"4":{"start":{"line":18,"column":4},"end":{"line":18,"column":32}},"5":{"start":{"line":19,"column":4},"end":{"line":19,"column":41}},"6":{"start":{"line":20,"column":16},"end":{"line":20,"column":51}},"7":{"start":{"line":21,"column":15},"end":{"line":35,"column":8}},"8":{"start":{"line":26,"column":19},"end":{"line":26,"column":21}},"9":{"start":{"line":27,"column":8},"end":{"line":33,"column":11}},"10":{"start":{"line":28,"column":10},"end":{"line":32,"column":15}},"11":{"start":{"line":29,"column":12},"end":{"line":32,"column":15}},"12":{"start":{"line":34,"column":8},"end":{"line":34,"column":30}},"13":{"start":{"line":36,"column":4},"end":{"line":36,"column":22}},"14":{"start":{"line":37,"column":4},"end":{"line":37,"column":39}},"15":{"start":{"line":39,"column":4},"end":{"line":39,"column":41}},"16":{"start":{"line":42,"column":4},"end":{"line":68,"column":6}},"17":{"start":{"line":47,"column":12},"end":{"line":47,"column":29}},"18":{"start":{"line":60,"column":12},"end":{"line":63,"column":14}},"19":{"start":{"line":62,"column":29},"end":{"line":62,"column":56}},"20":{"start":{"line":65,"column":41},"end":{"line":65,"column":49}}},"fnMap":{"0":{"name":"(anonymous_0)","decl":{"start":{"line":7,"column":2},"end":{"line":7,"column":3}},"loc":{"start":{"line":7,"column":21},"end":{"line":12,"column":3}},"line":7},"1":{"name":"(anonymous_1)","decl":{"start":{"line":13,"column":2},"end":{"line":13,"column":3}},"loc":{"start":{"line":13,"column":28},"end":{"line":15,"column":3}},"line":13},"2":{"name":"(anonymous_2)","decl":{"start":{"line":16,"column":2},"end":{"line":16,"column":3}},"loc":{"start":{"line":16,"column":20},"end":{"line":40,"column":3}},"line":16},"3":{"name":"(anonymous_3)","decl":{"start":{"line":25,"column":12},"end":{"line":25,"column":13}},"loc":{"start":{"line":25,"column":31},"end":{"line":35,"column":7}},"line":25},"4":{"name":"(anonymous_4)","decl":{"start":{"line":27,"column":25},"end":{"line":27,"column":26}},"loc":{"start":{"line":27,"column":34},"end":{"line":33,"column":9}},"line":27},"5":{"name":"(anonymous_5)","decl":{"start":{"line":41,"column":2},"end":{"line":41,"column":3}},"loc":{"start":{"line":41,"column":11},"end":{"line":69,"column":3}},"line":41},"6":{"name":"(anonymous_6)","decl":{"start":{"line":46,"column":21},"end":{"line":46,"column":22}},"loc":{"start":{"line":46,"column":27},"end":{"line":48,"column":11}},"line":46},"7":{"name":"(anonymous_7)","decl":{"start":{"line":59,"column":22},"end":{"line":59,"column":23}},"loc":{"start":{"line":60,"column":12},"end":{"line":63,"column":14}},"line":60},"8":{"name":"(anonymous_8)","decl":{"start":{"line":62,"column":23},"end":{"line":62,"column":24}},"loc":{"start":{"line":62,"column":29},"end":{"line":62,"column":56}},"line":62},"9":{"name":"(anonymous_9)","decl":{"start":{"line":65,"column":24},"end":{"line":65,"column":25}},"loc":{"start":{"line":65,"column":41},"end":{"line":65,"column":49}},"line":65}},"branchMap":{"0":{"loc":{"start":{"line":28,"column":10},"end":{"line":32,"column":15}},"type":"if","locations":[{"start":{"line":28,"column":10},"end":{"line":32,"column":15}},{"start":{"line":28,"column":10},"end":{"line":32,"column":15}}],"line":28}},"s":{"0":0,"1":0,"2":0,"3":0,"4":0,"5":0,"6":0,"7":0,"8":0,"9":0,"10":0,"11":0,"12":0,"13":0,"14":0,"15":0,"16":0,"17":0,"18":0,"19":0,"20":0},"f":{"0":0,"1":0,"2":0,"3":0,"4":0,"5":0,"6":0,"7":0,"8":0,"9":0},"b":{"0":[0,0]},"hash":"2fe0f72c75e74f072480cd570ff6a6c2797311cc"}
,"C:\\Users\\amitr\\Desktop\\ProjektGrupowy\\OcenKierowce\\OcenKierowce\\src\\containers\\Footer.js": {"path":"C:\\Users\\amitr\\Desktop\\ProjektGrupowy\\OcenKierowce\\OcenKierowce\\src\\containers\\Footer.js","statementMap":{"0":{"start":{"line":8,"column":4},"end":{"line":8,"column":17}},"1":{"start":{"line":10,"column":4},"end":{"line":12,"column":6}},"2":{"start":{"line":16,"column":4},"end":{"line":16,"column":52}},"3":{"start":{"line":19,"column":4},"end":{"line":28,"column":6}}},"fnMap":{"0":{"name":"(anonymous_0)","decl":{"start":{"line":7,"column":2},"end":{"line":7,"column":3}},"loc":{"start":{"line":7,"column":21},"end":{"line":13,"column":3}},"line":7},"1":{"name":"(anonymous_1)","decl":{"start":{"line":15,"column":2},"end":{"line":15,"column":3}},"loc":{"start":{"line":15,"column":14},"end":{"line":17,"column":3}},"line":15},"2":{"name":"(anonymous_2)","decl":{"start":{"line":18,"column":2},"end":{"line":18,"column":3}},"loc":{"start":{"line":18,"column":11},"end":{"line":29,"column":3}},"line":18}},"branchMap":{},"s":{"0":0,"1":0,"2":0,"3":0},"f":{"0":0,"1":0,"2":0},"b":{},"hash":"7df25dea35d55d54ddf6df6ed18a6577768c5933"}
,"C:\\Users\\amitr\\Desktop\\ProjektGrupowy\\OcenKierowce\\OcenKierowce\\src\\containers\\RecentAlerts.js": {"path":"C:\\Users\\amitr\\Desktop\\ProjektGrupowy\\OcenKierowce\\OcenKierowce\\src\\containers\\RecentAlerts.js","statementMap":{"0":{"start":{"line":11,"column":4},"end":{"line":11,"column":17}},"1":{"start":{"line":12,"column":4},"end":{"line":15,"column":6}},"2":{"start":{"line":18,"column":4},"end":{"line":18,"column":27}},"3":{"start":{"line":21,"column":4},"end":{"line":21,"column":40}},"4":{"start":{"line":22,"column":15},"end":{"line":36,"column":8}},"5":{"start":{"line":27,"column":19},"end":{"line":27,"column":21}},"6":{"start":{"line":28,"column":8},"end":{"line":33,"column":11}},"7":{"start":{"line":29,"column":10},"end":{"line":32,"column":13}},"8":{"start":{"line":35,"column":8},"end":{"line":35,"column":30}},"9":{"start":{"line":37,"column":4},"end":{"line":37,"column":24}},"10":{"start":{"line":38,"column":4},"end":{"line":38,"column":43}},"11":{"start":{"line":40,"column":4},"end":{"line":40,"column":57}},"12":{"start":{"line":42,"column":14},"end":{"line":47,"column":3}},"13":{"start":{"line":43,"column":4},"end":{"line":45,"column":7}},"14":{"start":{"line":44,"column":58},"end":{"line":44,"column":72}},"15":{"start":{"line":46,"column":4},"end":{"line":46,"column":26}},"16":{"start":{"line":49,"column":4},"end":{"line":71,"column":6}},"17":{"start":{"line":54,"column":12},"end":{"line":54,"column":29}},"18":{"start":{"line":66,"column":12},"end":{"line":66,"column":63}},"19":{"start":{"line":68,"column":41},"end":{"line":68,"column":49}}},"fnMap":{"0":{"name":"(anonymous_0)","decl":{"start":{"line":10,"column":2},"end":{"line":10,"column":3}},"loc":{"start":{"line":10,"column":21},"end":{"line":16,"column":3}},"line":10},"1":{"name":"(anonymous_1)","decl":{"start":{"line":17,"column":2},"end":{"line":17,"column":3}},"loc":{"start":{"line":17,"column":29},"end":{"line":19,"column":3}},"line":17},"2":{"name":"(anonymous_2)","decl":{"start":{"line":20,"column":2},"end":{"line":20,"column":3}},"loc":{"start":{"line":20,"column":20},"end":{"line":41,"column":3}},"line":20},"3":{"name":"(anonymous_3)","decl":{"start":{"line":26,"column":12},"end":{"line":26,"column":13}},"loc":{"start":{"line":26,"column":31},"end":{"line":36,"column":7}},"line":26},"4":{"name":"(anonymous_4)","decl":{"start":{"line":28,"column":25},"end":{"line":28,"column":26}},"loc":{"start":{"line":28,"column":34},"end":{"line":33,"column":9}},"line":28},"5":{"name":"(anonymous_5)","decl":{"start":{"line":42,"column":14},"end":{"line":42,"column":15}},"loc":{"start":{"line":42,"column":20},"end":{"line":47,"column":3}},"line":42},"6":{"name":"(anonymous_6)","decl":{"start":{"line":44,"column":50},"end":{"line":44,"column":51}},"loc":{"start":{"line":44,"column":58},"end":{"line":44,"column":72}},"line":44},"7":{"name":"(anonymous_7)","decl":{"start":{"line":48,"column":2},"end":{"line":48,"column":3}},"loc":{"start":{"line":48,"column":11},"end":{"line":72,"column":3}},"line":48},"8":{"name":"(anonymous_8)","decl":{"start":{"line":53,"column":21},"end":{"line":53,"column":22}},"loc":{"start":{"line":53,"column":27},"end":{"line":55,"column":11}},"line":53},"9":{"name":"(anonymous_9)","decl":{"start":{"line":65,"column":22},"end":{"line":65,"column":23}},"loc":{"start":{"line":66,"column":12},"end":{"line":66,"column":63}},"line":66},"10":{"name":"(anonymous_10)","decl":{"start":{"line":68,"column":24},"end":{"line":68,"column":25}},"loc":{"start":{"line":68,"column":41},"end":{"line":68,"column":49}},"line":68}},"branchMap":{},"s":{"0":0,"1":0,"2":0,"3":0,"4":0,"5":0,"6":0,"7":0,"8":0,"9":0,"10":0,"11":0,"12":0,"13":0,"14":0,"15":0,"16":0,"17":0,"18":0,"19":0},"f":{"0":0,"1":0,"2":0,"3":0,"4":0,"5":0,"6":0,"7":0,"8":0,"9":0,"10":0},"b":{},"hash":"137592c18e548a8afdddd0b5c65db6357186c5bd"}
,"C:\\Users\\amitr\\Desktop\\ProjektGrupowy\\OcenKierowce\\OcenKierowce\\src\\containers\\SearchBar.js": {"path":"C:\\Users\\amitr\\Desktop\\ProjektGrupowy\\OcenKierowce\\OcenKierowce\\src\\containers\\SearchBar.js","statementMap":{"0":{"start":{"line":5,"column":4},"end":{"line":5,"column":17}},"1":{"start":{"line":6,"column":4},"end":{"line":8,"column":6}},"2":{"start":{"line":12,"column":4},"end":{"line":27,"column":6}},"3":{"start":{"line":17,"column":39},"end":{"line":17,"column":69}},"4":{"start":{"line":21,"column":12},"end":{"line":21,"column":65}},"5":{"start":{"line":22,"column":12},"end":{"line":22,"column":34}}},"fnMap":{"0":{"name":"(anonymous_0)","decl":{"start":{"line":4,"column":2},"end":{"line":4,"column":3}},"loc":{"start":{"line":4,"column":21},"end":{"line":9,"column":3}},"line":4},"1":{"name":"(anonymous_1)","decl":{"start":{"line":11,"column":2},"end":{"line":11,"column":3}},"loc":{"start":{"line":11,"column":11},"end":{"line":28,"column":3}},"line":11},"2":{"name":"(anonymous_2)","decl":{"start":{"line":17,"column":24},"end":{"line":17,"column":25}},"loc":{"start":{"line":17,"column":39},"end":{"line":17,"column":69}},"line":17},"3":{"name":"(anonymous_3)","decl":{"start":{"line":20,"column":19},"end":{"line":20,"column":20}},"loc":{"start":{"line":20,"column":25},"end":{"line":23,"column":11}},"line":20}},"branchMap":{},"s":{"0":0,"1":0,"2":0,"3":0,"4":0,"5":0},"f":{"0":0,"1":0,"2":0,"3":0},"b":{},"hash":"3ad09dce118b988ddd687c49bfaec3271ea7b8ca"}
,"C:\\Users\\amitr\\Desktop\\ProjektGrupowy\\OcenKierowce\\OcenKierowce\\src\\screens\\AboutScreen.js": {"path":"C:\\Users\\amitr\\Desktop\\ProjektGrupowy\\OcenKierowce\\OcenKierowce\\src\\screens\\AboutScreen.js","statementMap":{"0":{"start":{"line":8,"column":29},"end":{"line":10,"column":3}},"1":{"start":{"line":12,"column":4},"end":{"line":12,"column":17}},"2":{"start":{"line":13,"column":4},"end":{"line":15,"column":6}},"3":{"start":{"line":18,"column":4},"end":{"line":18,"column":27}},"4":{"start":{"line":21,"column":4},"end":{"line":21,"column":40}},"5":{"start":{"line":22,"column":4},"end":{"line":22,"column":32}},"6":{"start":{"line":23,"column":16},"end":{"line":23,"column":36}},"7":{"start":{"line":24,"column":15},"end":{"line":38,"column":8}},"8":{"start":{"line":29,"column":19},"end":{"line":29,"column":21}},"9":{"start":{"line":30,"column":8},"end":{"line":36,"column":11}},"10":{"start":{"line":31,"column":10},"end":{"line":35,"column":15}},"11":{"start":{"line":32,"column":12},"end":{"line":35,"column":15}},"12":{"start":{"line":37,"column":8},"end":{"line":37,"column":30}},"13":{"start":{"line":39,"column":4},"end":{"line":39,"column":22}},"14":{"start":{"line":41,"column":4},"end":{"line":41,"column":53}},"15":{"start":{"line":44,"column":4},"end":{"line":73,"column":6}},"16":{"start":{"line":49,"column":12},"end":{"line":49,"column":29}},"17":{"start":{"line":59,"column":12},"end":{"line":68,"column":19}},"18":{"start":{"line":70,"column":41},"end":{"line":70,"column":49}}},"fnMap":{"0":{"name":"(anonymous_0)","decl":{"start":{"line":11,"column":2},"end":{"line":11,"column":3}},"loc":{"start":{"line":11,"column":21},"end":{"line":16,"column":3}},"line":11},"1":{"name":"(anonymous_1)","decl":{"start":{"line":17,"column":2},"end":{"line":17,"column":3}},"loc":{"start":{"line":17,"column":28},"end":{"line":19,"column":3}},"line":17},"2":{"name":"(anonymous_2)","decl":{"start":{"line":20,"column":2},"end":{"line":20,"column":3}},"loc":{"start":{"line":20,"column":20},"end":{"line":42,"column":3}},"line":20},"3":{"name":"(anonymous_3)","decl":{"start":{"line":28,"column":12},"end":{"line":28,"column":13}},"loc":{"start":{"line":28,"column":31},"end":{"line":38,"column":7}},"line":28},"4":{"name":"(anonymous_4)","decl":{"start":{"line":30,"column":25},"end":{"line":30,"column":26}},"loc":{"start":{"line":30,"column":34},"end":{"line":36,"column":9}},"line":30},"5":{"name":"(anonymous_5)","decl":{"start":{"line":43,"column":2},"end":{"line":43,"column":3}},"loc":{"start":{"line":43,"column":11},"end":{"line":74,"column":3}},"line":43},"6":{"name":"(anonymous_6)","decl":{"start":{"line":48,"column":21},"end":{"line":48,"column":22}},"loc":{"start":{"line":48,"column":27},"end":{"line":50,"column":11}},"line":48},"7":{"name":"(anonymous_7)","decl":{"start":{"line":58,"column":22},"end":{"line":58,"column":23}},"loc":{"start":{"line":59,"column":12},"end":{"line":68,"column":19}},"line":59},"8":{"name":"(anonymous_8)","decl":{"start":{"line":70,"column":24},"end":{"line":70,"column":25}},"loc":{"start":{"line":70,"column":41},"end":{"line":70,"column":49}},"line":70}},"branchMap":{"0":{"loc":{"start":{"line":31,"column":10},"end":{"line":35,"column":15}},"type":"if","locations":[{"start":{"line":31,"column":10},"end":{"line":35,"column":15}},{"start":{"line":31,"column":10},"end":{"line":35,"column":15}}],"line":31}},"s":{"0":0,"1":0,"2":0,"3":0,"4":0,"5":0,"6":0,"7":0,"8":0,"9":0,"10":0,"11":0,"12":0,"13":0,"14":0,"15":0,"16":0,"17":0,"18":0},"f":{"0":0,"1":0,"2":0,"3":0,"4":0,"5":0,"6":0,"7":0,"8":0},"b":{"0":[0,0]},"hash":"d961bd42f0a525ca8ea556857368bc0600cc5407"}
,"C:\\Users\\amitr\\Desktop\\ProjektGrupowy\\OcenKierowce\\OcenKierowce\\src\\screens\\CameraScreen.js": {"path":"C:\\Users\\amitr\\Desktop\\ProjektGrupowy\\OcenKierowce\\OcenKierowce\\src\\screens\\CameraScreen.js","statementMap":{"0":{"start":{"line":6,"column":10},"end":{"line":9,"column":3}},"1":{"start":{"line":12,"column":23},"end":{"line":12,"column":69}},"2":{"start":{"line":13,"column":4},"end":{"line":15,"column":7}},"3":{"start":{"line":17,"column":9},"end":{"line":37,"column":3}},"4":{"start":{"line":18,"column":4},"end":{"line":18,"column":34}},"5":{"start":{"line":19,"column":4},"end":{"line":36,"column":5}},"6":{"start":{"line":20,"column":6},"end":{"line":20,"column":34}},"7":{"start":{"line":21,"column":22},"end":{"line":27,"column":7}},"8":{"start":{"line":28,"column":6},"end":{"line":35,"column":9}},"9":{"start":{"line":29,"column":8},"end":{"line":29,"column":35}},"10":{"start":{"line":31,"column":8},"end":{"line":33,"column":11}},"11":{"start":{"line":34,"column":8},"end":{"line":34,"column":53}},"12":{"start":{"line":39,"column":36},"end":{"line":39,"column":46}},"13":{"start":{"line":40,"column":4},"end":{"line":95,"column":5}},"14":{"start":{"line":41,"column":6},"end":{"line":41,"column":22}},"15":{"start":{"line":42,"column":11},"end":{"line":95,"column":5}},"16":{"start":{"line":43,"column":6},"end":{"line":43,"column":48}},"17":{"start":{"line":45,"column":6},"end":{"line":94,"column":8}},"18":{"start":{"line":53,"column":14},"end":{"line":53,"column":32}},"19":{"start":{"line":76,"column":31},"end":{"line":76,"column":42}}},"fnMap":{"0":{"name":"(anonymous_0)","decl":{"start":{"line":11,"column":2},"end":{"line":11,"column":3}},"loc":{"start":{"line":11,"column":28},"end":{"line":16,"column":3}},"line":11},"1":{"name":"(anonymous_1)","decl":{"start":{"line":17,"column":9},"end":{"line":17,"column":10}},"loc":{"start":{"line":17,"column":21},"end":{"line":37,"column":3}},"line":17},"2":{"name":"(anonymous_2)","decl":{"start":{"line":28,"column":55},"end":{"line":28,"column":56}},"loc":{"start":{"line":28,"column":64},"end":{"line":35,"column":7}},"line":28},"3":{"name":"(anonymous_3)","decl":{"start":{"line":38,"column":2},"end":{"line":38,"column":3}},"loc":{"start":{"line":38,"column":11},"end":{"line":96,"column":3}},"line":38},"4":{"name":"(anonymous_4)","decl":{"start":{"line":52,"column":17},"end":{"line":52,"column":18}},"loc":{"start":{"line":52,"column":24},"end":{"line":54,"column":13}},"line":52},"5":{"name":"(anonymous_5)","decl":{"start":{"line":76,"column":25},"end":{"line":76,"column":26}},"loc":{"start":{"line":76,"column":31},"end":{"line":76,"column":42}},"line":76}},"branchMap":{"0":{"loc":{"start":{"line":19,"column":4},"end":{"line":36,"column":5}},"type":"if","locations":[{"start":{"line":19,"column":4},"end":{"line":36,"column":5}},{"start":{"line":19,"column":4},"end":{"line":36,"column":5}}],"line":19},"1":{"loc":{"start":{"line":40,"column":4},"end":{"line":95,"column":5}},"type":"if","locations":[{"start":{"line":40,"column":4},"end":{"line":95,"column":5}},{"start":{"line":40,"column":4},"end":{"line":95,"column":5}}],"line":40},"2":{"loc":{"start":{"line":42,"column":11},"end":{"line":95,"column":5}},"type":"if","locations":[{"start":{"line":42,"column":11},"end":{"line":95,"column":5}},{"start":{"line":42,"column":11},"end":{"line":95,"column":5}}],"line":42}},"s":{"0":0,"1":0,"2":0,"3":0,"4":0,"5":0,"6":0,"7":0,"8":0,"9":0,"10":0,"11":0,"12":0,"13":0,"14":0,"15":0,"16":0,"17":0,"18":0,"19":0},"f":{"0":0,"1":0,"2":0,"3":0,"4":0,"5":0},"b":{"0":[0,0],"1":[0,0],"2":[0,0]},"hash":"4ae32c4cf47f925fc011bf0482deacf28c7a3143"}
,"C:\\Users\\amitr\\Desktop\\ProjektGrupowy\\OcenKierowce\\OcenKierowce\\src\\screens\\FirstRunScreen.js": {"path":"C:\\Users\\amitr\\Desktop\\ProjektGrupowy\\OcenKierowce\\OcenKierowce\\src\\screens\\FirstRunScreen.js","statementMap":{"0":{"start":{"line":13,"column":29},"end":{"line":15,"column":3}},"1":{"start":{"line":18,"column":4},"end":{"line":18,"column":17}},"2":{"start":{"line":20,"column":4},"end":{"line":20,"column":35}},"3":{"start":{"line":24,"column":4},"end":{"line":54,"column":5}},"4":{"start":{"line":25,"column":6},"end":{"line":25,"column":25}},"5":{"start":{"line":26,"column":6},"end":{"line":50,"column":9}},"6":{"start":{"line":27,"column":8},"end":{"line":30,"column":9}},"7":{"start":{"line":28,"column":10},"end":{"line":28,"column":44}},"8":{"start":{"line":29,"column":10},"end":{"line":29,"column":17}},"9":{"start":{"line":31,"column":19},"end":{"line":31,"column":36}},"10":{"start":{"line":32,"column":8},"end":{"line":49,"column":13}},"11":{"start":{"line":36,"column":28},"end":{"line":36,"column":38}},"12":{"start":{"line":37,"column":31},"end":{"line":37,"column":44}},"13":{"start":{"line":38,"column":12},"end":{"line":38,"column":32}},"14":{"start":{"line":41,"column":12},"end":{"line":48,"column":17}},"15":{"start":{"line":45,"column":16},"end":{"line":45,"column":50}},"16":{"start":{"line":46,"column":16},"end":{"line":46,"column":64}},"17":{"start":{"line":47,"column":16},"end":{"line":47,"column":55}},"18":{"start":{"line":52,"column":6},"end":{"line":52,"column":25}},"19":{"start":{"line":58,"column":4},"end":{"line":149,"column":6}},"20":{"start":{"line":64,"column":32},"end":{"line":64,"column":52}},"21":{"start":{"line":101,"column":25},"end":{"line":101,"column":65}},"22":{"start":{"line":107,"column":25},"end":{"line":107,"column":65}},"23":{"start":{"line":115,"column":12},"end":{"line":115,"column":47}},"24":{"start":{"line":116,"column":12},"end":{"line":118,"column":15}},"25":{"start":{"line":119,"column":12},"end":{"line":124,"column":17}},"26":{"start":{"line":123,"column":16},"end":{"line":123,"column":55}},"27":{"start":{"line":132,"column":12},"end":{"line":136,"column":13}},"28":{"start":{"line":133,"column":14},"end":{"line":133,"column":45}},"29":{"start":{"line":135,"column":14},"end":{"line":135,"column":60}},"30":{"start":{"line":137,"column":12},"end":{"line":145,"column":13}},"31":{"start":{"line":138,"column":14},"end":{"line":138,"column":59}},"32":{"start":{"line":139,"column":37},"end":{"line":139,"column":69}},"33":{"start":{"line":140,"column":14},"end":{"line":142,"column":15}},"34":{"start":{"line":141,"column":16},"end":{"line":141,"column":44}},"35":{"start":{"line":144,"column":14},"end":{"line":144,"column":47}}},"fnMap":{"0":{"name":"(anonymous_0)","decl":{"start":{"line":17,"column":2},"end":{"line":17,"column":3}},"loc":{"start":{"line":17,"column":21},"end":{"line":21,"column":3}},"line":17},"1":{"name":"(anonymous_1)","decl":{"start":{"line":23,"column":2},"end":{"line":23,"column":3}},"loc":{"start":{"line":23,"column":28},"end":{"line":55,"column":3}},"line":23},"2":{"name":"(anonymous_2)","decl":{"start":{"line":26,"column":40},"end":{"line":26,"column":41}},"loc":{"start":{"line":26,"column":49},"end":{"line":50,"column":7}},"line":26},"3":{"name":"(anonymous_3)","decl":{"start":{"line":35,"column":17},"end":{"line":35,"column":18}},"loc":{"start":{"line":35,"column":33},"end":{"line":39,"column":11}},"line":35},"4":{"name":"(anonymous_4)","decl":{"start":{"line":40,"column":16},"end":{"line":40,"column":17}},"loc":{"start":{"line":40,"column":22},"end":{"line":49,"column":11}},"line":40},"5":{"name":"(anonymous_5)","decl":{"start":{"line":44,"column":27},"end":{"line":44,"column":28}},"loc":{"start":{"line":44,"column":39},"end":{"line":48,"column":15}},"line":44},"6":{"name":"(anonymous_6)","decl":{"start":{"line":57,"column":2},"end":{"line":57,"column":3}},"loc":{"start":{"line":57,"column":11},"end":{"line":150,"column":3}},"line":57},"7":{"name":"(anonymous_7)","decl":{"start":{"line":64,"column":26},"end":{"line":64,"column":27}},"loc":{"start":{"line":64,"column":32},"end":{"line":64,"column":52}},"line":64},"8":{"name":"(anonymous_8)","decl":{"start":{"line":101,"column":19},"end":{"line":101,"column":20}},"loc":{"start":{"line":101,"column":25},"end":{"line":101,"column":65}},"line":101},"9":{"name":"(anonymous_9)","decl":{"start":{"line":107,"column":19},"end":{"line":107,"column":20}},"loc":{"start":{"line":107,"column":25},"end":{"line":107,"column":65}},"line":107},"10":{"name":"(anonymous_10)","decl":{"start":{"line":114,"column":19},"end":{"line":114,"column":20}},"loc":{"start":{"line":114,"column":25},"end":{"line":125,"column":11}},"line":114},"11":{"name":"(anonymous_11)","decl":{"start":{"line":122,"column":20},"end":{"line":122,"column":21}},"loc":{"start":{"line":122,"column":26},"end":{"line":124,"column":15}},"line":122},"12":{"name":"(anonymous_12)","decl":{"start":{"line":131,"column":19},"end":{"line":131,"column":20}},"loc":{"start":{"line":131,"column":31},"end":{"line":146,"column":11}},"line":131}},"branchMap":{"0":{"loc":{"start":{"line":27,"column":8},"end":{"line":30,"column":9}},"type":"if","locations":[{"start":{"line":27,"column":8},"end":{"line":30,"column":9}},{"start":{"line":27,"column":8},"end":{"line":30,"column":9}}],"line":27},"1":{"loc":{"start":{"line":140,"column":14},"end":{"line":142,"column":15}},"type":"if","locations":[{"start":{"line":140,"column":14},"end":{"line":142,"column":15}},{"start":{"line":140,"column":14},"end":{"line":142,"column":15}}],"line":140}},"s":{"0":0,"1":0,"2":0,"3":0,"4":0,"5":0,"6":0,"7":0,"8":0,"9":0,"10":0,"11":0,"12":0,"13":0,"14":0,"15":0,"16":0,"17":0,"18":0,"19":0,"20":0,"21":0,"22":0,"23":0,"24":0,"25":0,"26":0,"27":0,"28":0,"29":0,"30":0,"31":0,"32":0,"33":0,"34":0,"35":0},"f":{"0":0,"1":0,"2":0,"3":0,"4":0,"5":0,"6":0,"7":0,"8":0,"9":0,"10":0,"11":0,"12":0},"b":{"0":[0,0],"1":[0,0]},"hash":"70dd5652c1e119ba11cafdf46b0f9e3798590785"}
,"C:\\Users\\amitr\\Desktop\\ProjektGrupowy\\OcenKierowce\\OcenKierowce\\src\\screens\\HomeScreen.js": {"path":"C:\\Users\\amitr\\Desktop\\ProjektGrupowy\\OcenKierowce\\OcenKierowce\\src\\screens\\HomeScreen.js","statementMap":{"0":{"start":{"line":18,"column":29},"end":{"line":20,"column":3}},"1":{"start":{"line":22,"column":4},"end":{"line":22,"column":17}},"2":{"start":{"line":26,"column":4},"end":{"line":33,"column":5}},"3":{"start":{"line":27,"column":6},"end":{"line":29,"column":8}},"4":{"start":{"line":31,"column":6},"end":{"line":31,"column":38}},"5":{"start":{"line":32,"column":6},"end":{"line":32,"column":31}},"6":{"start":{"line":36,"column":22},"end":{"line":49,"column":3}},"7":{"start":{"line":37,"column":21},"end":{"line":37,"column":69}},"8":{"start":{"line":38,"column":4},"end":{"line":40,"column":5}},"9":{"start":{"line":39,"column":6},"end":{"line":39,"column":35}},"10":{"start":{"line":41,"column":19},"end":{"line":41,"column":61}},"11":{"start":{"line":42,"column":4},"end":{"line":42,"column":26}},"12":{"start":{"line":43,"column":17},"end":{"line":46,"column":6}},"13":{"start":{"line":47,"column":4},"end":{"line":47,"column":24}},"14":{"start":{"line":48,"column":4},"end":{"line":48,"column":49}},"15":{"start":{"line":52,"column":4},"end":{"line":81,"column":5}},"16":{"start":{"line":53,"column":6},"end":{"line":66,"column":8}},"17":{"start":{"line":57,"column":37},"end":{"line":57,"column":76}},"18":{"start":{"line":59,"column":28},"end":{"line":59,"column":76}},"19":{"start":{"line":63,"column":34},"end":{"line":63,"column":78}},"20":{"start":{"line":68,"column":6},"end":{"line":80,"column":8}},"21":{"start":{"line":70,"column":37},"end":{"line":70,"column":76}},"22":{"start":{"line":73,"column":28},"end":{"line":73,"column":76}},"23":{"start":{"line":77,"column":34},"end":{"line":77,"column":78}}},"fnMap":{"0":{"name":"(anonymous_0)","decl":{"start":{"line":21,"column":2},"end":{"line":21,"column":3}},"loc":{"start":{"line":21,"column":21},"end":{"line":23,"column":3}},"line":21},"1":{"name":"(anonymous_1)","decl":{"start":{"line":25,"column":2},"end":{"line":25,"column":3}},"loc":{"start":{"line":25,"column":23},"end":{"line":34,"column":3}},"line":25},"2":{"name":"(anonymous_2)","decl":{"start":{"line":36,"column":22},"end":{"line":36,"column":23}},"loc":{"start":{"line":36,"column":34},"end":{"line":49,"column":3}},"line":36},"3":{"name":"(anonymous_3)","decl":{"start":{"line":51,"column":2},"end":{"line":51,"column":3}},"loc":{"start":{"line":51,"column":11},"end":{"line":82,"column":3}},"line":51},"4":{"name":"(anonymous_4)","decl":{"start":{"line":57,"column":31},"end":{"line":57,"column":32}},"loc":{"start":{"line":57,"column":37},"end":{"line":57,"column":76}},"line":57},"5":{"name":"(anonymous_5)","decl":{"start":{"line":59,"column":22},"end":{"line":59,"column":23}},"loc":{"start":{"line":59,"column":28},"end":{"line":59,"column":76}},"line":59},"6":{"name":"(anonymous_6)","decl":{"start":{"line":63,"column":28},"end":{"line":63,"column":29}},"loc":{"start":{"line":63,"column":34},"end":{"line":63,"column":78}},"line":63},"7":{"name":"(anonymous_7)","decl":{"start":{"line":70,"column":31},"end":{"line":70,"column":32}},"loc":{"start":{"line":70,"column":37},"end":{"line":70,"column":76}},"line":70},"8":{"name":"(anonymous_8)","decl":{"start":{"line":73,"column":22},"end":{"line":73,"column":23}},"loc":{"start":{"line":73,"column":28},"end":{"line":73,"column":76}},"line":73},"9":{"name":"(anonymous_9)","decl":{"start":{"line":77,"column":28},"end":{"line":77,"column":29}},"loc":{"start":{"line":77,"column":34},"end":{"line":77,"column":78}},"line":77}},"branchMap":{"0":{"loc":{"start":{"line":26,"column":4},"end":{"line":33,"column":5}},"type":"if","locations":[{"start":{"line":26,"column":4},"end":{"line":33,"column":5}},{"start":{"line":26,"column":4},"end":{"line":33,"column":5}}],"line":26},"1":{"loc":{"start":{"line":26,"column":8},"end":{"line":26,"column":56}},"type":"binary-expr","locations":[{"start":{"line":26,"column":8},"end":{"line":26,"column":33}},{"start":{"line":26,"column":37},"end":{"line":26,"column":56}}],"line":26},"2":{"loc":{"start":{"line":38,"column":4},"end":{"line":40,"column":5}},"type":"if","locations":[{"start":{"line":38,"column":4},"end":{"line":40,"column":5}},{"start":{"line":38,"column":4},"end":{"line":40,"column":5}}],"line":38},"3":{"loc":{"start":{"line":52,"column":4},"end":{"line":81,"column":5}},"type":"if","locations":[{"start":{"line":52,"column":4},"end":{"line":81,"column":5}},{"start":{"line":52,"column":4},"end":{"line":81,"column":5}}],"line":52}},"s":{"0":0,"1":0,"2":0,"3":0,"4":0,"5":0,"6":0,"7":0,"8":0,"9":0,"10":0,"11":0,"12":0,"13":0,"14":0,"15":0,"16":0,"17":0,"18":0,"19":0,"20":0,"21":0,"22":0,"23":0},"f":{"0":0,"1":0,"2":0,"3":0,"4":0,"5":0,"6":0,"7":0,"8":0,"9":0},"b":{"0":[0,0],"1":[0,0],"2":[0,0],"3":[0,0]},"hash":"1fdb7ef637e7d2e94320969383d2a5475650db2d"}
,"C:\\Users\\amitr\\Desktop\\ProjektGrupowy\\OcenKierowce\\OcenKierowce\\src\\screens\\NewMessageScreen.js": {"path":"C:\\Users\\amitr\\Desktop\\ProjektGrupowy\\OcenKierowce\\OcenKierowce\\src\\screens\\NewMessageScreen.js","statementMap":{"0":{"start":{"line":19,"column":4},"end":{"line":19,"column":17}},"1":{"start":{"line":21,"column":4},"end":{"line":27,"column":6}},"2":{"start":{"line":31,"column":14},"end":{"line":34,"column":26}},"3":{"start":{"line":36,"column":17},"end":{"line":48,"column":6}},"4":{"start":{"line":37,"column":18},"end":{"line":37,"column":38}},"5":{"start":{"line":38,"column":6},"end":{"line":40,"column":8}},"6":{"start":{"line":39,"column":8},"end":{"line":39,"column":30}},"7":{"start":{"line":41,"column":6},"end":{"line":44,"column":8}},"8":{"start":{"line":42,"column":8},"end":{"line":42,"column":23}},"9":{"start":{"line":43,"column":8},"end":{"line":43,"column":56}},"10":{"start":{"line":45,"column":6},"end":{"line":45,"column":32}},"11":{"start":{"line":46,"column":6},"end":{"line":46,"column":51}},"12":{"start":{"line":47,"column":6},"end":{"line":47,"column":21}},"13":{"start":{"line":49,"column":4},"end":{"line":49,"column":18}},"14":{"start":{"line":52,"column":29},"end":{"line":54,"column":3}},"15":{"start":{"line":56,"column":4},"end":{"line":134,"column":6}},"16":{"start":{"line":72,"column":33},"end":{"line":72,"column":68}},"17":{"start":{"line":78,"column":12},"end":{"line":78,"column":53}},"18":{"start":{"line":90,"column":33},"end":{"line":90,"column":64}},"19":{"start":{"line":101,"column":23},"end":{"line":101,"column":50}},"20":{"start":{"line":102,"column":26},"end":{"line":110,"column":13}},"21":{"start":{"line":111,"column":22},"end":{"line":119,"column":16}},"22":{"start":{"line":116,"column":16},"end":{"line":118,"column":19}},"23":{"start":{"line":117,"column":18},"end":{"line":117,"column":54}},"24":{"start":{"line":121,"column":12},"end":{"line":121,"column":40}},"25":{"start":{"line":128,"column":12},"end":{"line":128,"column":48}},"26":{"start":{"line":129,"column":12},"end":{"line":129,"column":43}},"27":{"start":{"line":139,"column":15},"end":{"line":164,"column":2}}},"fnMap":{"0":{"name":"(anonymous_0)","decl":{"start":{"line":18,"column":2},"end":{"line":18,"column":3}},"loc":{"start":{"line":18,"column":21},"end":{"line":28,"column":3}},"line":18},"1":{"name":"(anonymous_1)","decl":{"start":{"line":30,"column":2},"end":{"line":30,"column":3}},"loc":{"start":{"line":30,"column":25},"end":{"line":50,"column":3}},"line":30},"2":{"name":"(anonymous_2)","decl":{"start":{"line":36,"column":35},"end":{"line":36,"column":36}},"loc":{"start":{"line":36,"column":56},"end":{"line":48,"column":5}},"line":36},"3":{"name":"(anonymous_3)","decl":{"start":{"line":38,"column":19},"end":{"line":38,"column":20}},"loc":{"start":{"line":38,"column":30},"end":{"line":40,"column":7}},"line":38},"4":{"name":"(anonymous_4)","decl":{"start":{"line":41,"column":20},"end":{"line":41,"column":21}},"loc":{"start":{"line":41,"column":32},"end":{"line":44,"column":7}},"line":41},"5":{"name":"(anonymous_5)","decl":{"start":{"line":55,"column":2},"end":{"line":55,"column":3}},"loc":{"start":{"line":55,"column":11},"end":{"line":135,"column":3}},"line":55},"6":{"name":"(anonymous_6)","decl":{"start":{"line":72,"column":26},"end":{"line":72,"column":27}},"loc":{"start":{"line":72,"column":33},"end":{"line":72,"column":68}},"line":72},"7":{"name":"(anonymous_7)","decl":{"start":{"line":77,"column":19},"end":{"line":77,"column":20}},"loc":{"start":{"line":77,"column":25},"end":{"line":79,"column":11}},"line":77},"8":{"name":"(anonymous_8)","decl":{"start":{"line":90,"column":26},"end":{"line":90,"column":27}},"loc":{"start":{"line":90,"column":33},"end":{"line":90,"column":64}},"line":90},"9":{"name":"(anonymous_9)","decl":{"start":{"line":100,"column":19},"end":{"line":100,"column":20}},"loc":{"start":{"line":100,"column":25},"end":{"line":122,"column":11}},"line":100},"10":{"name":"(anonymous_10)","decl":{"start":{"line":115,"column":20},"end":{"line":115,"column":21}},"loc":{"start":{"line":115,"column":27},"end":{"line":119,"column":15}},"line":115},"11":{"name":"(anonymous_11)","decl":{"start":{"line":116,"column":47},"end":{"line":116,"column":48}},"loc":{"start":{"line":116,"column":53},"end":{"line":118,"column":17}},"line":116},"12":{"name":"(anonymous_12)","decl":{"start":{"line":127,"column":19},"end":{"line":127,"column":20}},"loc":{"start":{"line":127,"column":25},"end":{"line":130,"column":11}},"line":127}},"branchMap":{"0":{"loc":{"start":{"line":81,"column":13},"end":{"line":81,"column":75}},"type":"cond-expr","locations":[{"start":{"line":81,"column":37},"end":{"line":81,"column":56}},{"start":{"line":81,"column":59},"end":{"line":81,"column":75}}],"line":81},"1":{"loc":{"start":{"line":107,"column":21},"end":{"line":107,"column":57}},"type":"cond-expr","locations":[{"start":{"line":107,"column":45},"end":{"line":107,"column":49}},{"start":{"line":107,"column":52},"end":{"line":107,"column":57}}],"line":107}},"s":{"0":0,"1":0,"2":0,"3":0,"4":0,"5":0,"6":0,"7":0,"8":0,"9":0,"10":0,"11":0,"12":0,"13":0,"14":0,"15":0,"16":0,"17":0,"18":0,"19":0,"20":0,"21":0,"22":0,"23":0,"24":0,"25":0,"26":0,"27":0},"f":{"0":0,"1":0,"2":0,"3":0,"4":0,"5":0,"6":0,"7":0,"8":0,"9":0,"10":0,"11":0,"12":0},"b":{"0":[0,0],"1":[0,0]},"hash":"c757031174e5bc67c6be952cdd0d86aec7a5fdcc"}
,"C:\\Users\\amitr\\Desktop\\ProjektGrupowy\\OcenKierowce\\OcenKierowce\\src\\screens\\OpinionDetailsScreen.js": {"path":"C:\\Users\\amitr\\Desktop\\ProjektGrupowy\\OcenKierowce\\OcenKierowce\\src\\screens\\OpinionDetailsScreen.js","statementMap":{"0":{"start":{"line":8,"column":29},"end":{"line":10,"column":3}},"1":{"start":{"line":12,"column":4},"end":{"line":12,"column":17}},"2":{"start":{"line":13,"column":4},"end":{"line":13,"column":42}},"3":{"start":{"line":14,"column":4},"end":{"line":16,"column":6}},"4":{"start":{"line":20,"column":4},"end":{"line":44,"column":5}},"5":{"start":{"line":21,"column":16},"end":{"line":41,"column":10}},"6":{"start":{"line":30,"column":20},"end":{"line":30,"column":40}},"7":{"start":{"line":31,"column":10},"end":{"line":31,"column":36}},"8":{"start":{"line":32,"column":10},"end":{"line":34,"column":12}},"9":{"start":{"line":33,"column":23},"end":{"line":33,"column":35}},"10":{"start":{"line":35,"column":10},"end":{"line":35,"column":31}},"11":{"start":{"line":36,"column":10},"end":{"line":36,"column":21}},"12":{"start":{"line":37,"column":10},"end":{"line":37,"column":21}},"13":{"start":{"line":40,"column":10},"end":{"line":40,"column":22}},"14":{"start":{"line":42,"column":6},"end":{"line":42,"column":23}},"15":{"start":{"line":43,"column":6},"end":{"line":43,"column":39}},"16":{"start":{"line":48,"column":16},"end":{"line":55,"column":12}},"17":{"start":{"line":57,"column":4},"end":{"line":70,"column":5}},"18":{"start":{"line":59,"column":8},"end":{"line":59,"column":26}},"19":{"start":{"line":60,"column":8},"end":{"line":60,"column":14}},"20":{"start":{"line":63,"column":8},"end":{"line":63,"column":26}},"21":{"start":{"line":64,"column":8},"end":{"line":64,"column":14}},"22":{"start":{"line":67,"column":8},"end":{"line":67,"column":26}},"23":{"start":{"line":68,"column":8},"end":{"line":68,"column":14}},"24":{"start":{"line":71,"column":4},"end":{"line":119,"column":6}},"25":{"start":{"line":73,"column":35},"end":{"line":73,"column":65}}},"fnMap":{"0":{"name":"(anonymous_0)","decl":{"start":{"line":11,"column":2},"end":{"line":11,"column":3}},"loc":{"start":{"line":11,"column":21},"end":{"line":17,"column":3}},"line":11},"1":{"name":"(anonymous_1)","decl":{"start":{"line":19,"column":2},"end":{"line":19,"column":3}},"loc":{"start":{"line":19,"column":28},"end":{"line":45,"column":3}},"line":19},"2":{"name":"(anonymous_2)","decl":{"start":{"line":29,"column":14},"end":{"line":29,"column":15}},"loc":{"start":{"line":29,"column":28},"end":{"line":38,"column":9}},"line":29},"3":{"name":"(anonymous_3)","decl":{"start":{"line":32,"column":23},"end":{"line":32,"column":24}},"loc":{"start":{"line":32,"column":39},"end":{"line":34,"column":11}},"line":32},"4":{"name":"(anonymous_4)","decl":{"start":{"line":39,"column":15},"end":{"line":39,"column":16}},"loc":{"start":{"line":39,"column":21},"end":{"line":41,"column":9}},"line":39},"5":{"name":"(anonymous_5)","decl":{"start":{"line":47,"column":2},"end":{"line":47,"column":3}},"loc":{"start":{"line":47,"column":11},"end":{"line":120,"column":3}},"line":47},"6":{"name":"(anonymous_6)","decl":{"start":{"line":73,"column":29},"end":{"line":73,"column":30}},"loc":{"start":{"line":73,"column":35},"end":{"line":73,"column":65}},"line":73}},"branchMap":{"0":{"loc":{"start":{"line":20,"column":4},"end":{"line":44,"column":5}},"type":"if","locations":[{"start":{"line":20,"column":4},"end":{"line":44,"column":5}},{"start":{"line":20,"column":4},"end":{"line":44,"column":5}}],"line":20},"1":{"loc":{"start":{"line":48,"column":16},"end":{"line":55,"column":12}},"type":"cond-expr","locations":[{"start":{"line":49,"column":6},"end":{"line":54,"column":8}},{"start":{"line":55,"column":8},"end":{"line":55,"column":12}}],"line":48},"2":{"loc":{"start":{"line":57,"column":4},"end":{"line":70,"column":5}},"type":"switch","locations":[{"start":{"line":58,"column":6},"end":{"line":61,"column":7}},{"start":{"line":62,"column":6},"end":{"line":65,"column":7}},{"start":{"line":66,"column":6},"end":{"line":69,"column":7}}],"line":57}},"s":{"0":0,"1":0,"2":0,"3":0,"4":0,"5":0,"6":0,"7":0,"8":0,"9":0,"10":0,"11":0,"12":0,"13":0,"14":0,"15":0,"16":0,"17":0,"18":0,"19":0,"20":0,"21":0,"22":0,"23":0,"24":0,"25":0},"f":{"0":0,"1":0,"2":0,"3":0,"4":0,"5":0,"6":0},"b":{"0":[0,0],"1":[0,0],"2":[0,0,0]},"hash":"f6ed6a2504529d314dbfcd9355ca3e9600ff7bfe"}
,"C:\\Users\\amitr\\Desktop\\ProjektGrupowy\\OcenKierowce\\OcenKierowce\\src\\screens\\SignInScreen.js": {"path":"C:\\Users\\amitr\\Desktop\\ProjektGrupowy\\OcenKierowce\\OcenKierowce\\src\\screens\\SignInScreen.js","statementMap":{"0":{"start":{"line":10,"column":29},"end":{"line":12,"column":3}},"1":{"start":{"line":14,"column":4},"end":{"line":14,"column":17}},"2":{"start":{"line":16,"column":4},"end":{"line":19,"column":6}},"3":{"start":{"line":22,"column":11},"end":{"line":46,"column":3}},"4":{"start":{"line":23,"column":16},"end":{"line":23,"column":26}},"5":{"start":{"line":24,"column":4},"end":{"line":45,"column":9}},"6":{"start":{"line":29,"column":24},"end":{"line":29,"column":34}},"7":{"start":{"line":30,"column":27},"end":{"line":30,"column":40}},"8":{"start":{"line":31,"column":8},"end":{"line":31,"column":28}},"9":{"start":{"line":35,"column":8},"end":{"line":44,"column":13}},"10":{"start":{"line":39,"column":12},"end":{"line":39,"column":60}},"11":{"start":{"line":40,"column":12},"end":{"line":40,"column":51}},"12":{"start":{"line":41,"column":12},"end":{"line":43,"column":14}},"13":{"start":{"line":48,"column":15},"end":{"line":54,"column":3}},"14":{"start":{"line":49,"column":4},"end":{"line":53,"column":5}},"15":{"start":{"line":50,"column":6},"end":{"line":50,"column":54}},"16":{"start":{"line":56,"column":4},"end":{"line":84,"column":6}},"17":{"start":{"line":63,"column":29},"end":{"line":63,"column":56}},"18":{"start":{"line":70,"column":29},"end":{"line":70,"column":59}},"19":{"start":{"line":80,"column":25},"end":{"line":80,"column":55}}},"fnMap":{"0":{"name":"(anonymous_0)","decl":{"start":{"line":13,"column":2},"end":{"line":13,"column":3}},"loc":{"start":{"line":13,"column":21},"end":{"line":20,"column":3}},"line":13},"1":{"name":"(anonymous_1)","decl":{"start":{"line":22,"column":11},"end":{"line":22,"column":12}},"loc":{"start":{"line":22,"column":17},"end":{"line":46,"column":3}},"line":22},"2":{"name":"(anonymous_2)","decl":{"start":{"line":27,"column":13},"end":{"line":27,"column":14}},"loc":{"start":{"line":27,"column":29},"end":{"line":33,"column":7}},"line":27},"3":{"name":"(anonymous_3)","decl":{"start":{"line":34,"column":12},"end":{"line":34,"column":13}},"loc":{"start":{"line":34,"column":18},"end":{"line":45,"column":7}},"line":34},"4":{"name":"(anonymous_4)","decl":{"start":{"line":38,"column":23},"end":{"line":38,"column":24}},"loc":{"start":{"line":38,"column":35},"end":{"line":44,"column":11}},"line":38},"5":{"name":"(anonymous_5)","decl":{"start":{"line":48,"column":15},"end":{"line":48,"column":16}},"loc":{"start":{"line":48,"column":36},"end":{"line":54,"column":3}},"line":48},"6":{"name":"(anonymous_6)","decl":{"start":{"line":55,"column":2},"end":{"line":55,"column":3}},"loc":{"start":{"line":55,"column":11},"end":{"line":85,"column":3}},"line":55},"7":{"name":"(anonymous_7)","decl":{"start":{"line":63,"column":24},"end":{"line":63,"column":25}},"loc":{"start":{"line":63,"column":29},"end":{"line":63,"column":56}},"line":63},"8":{"name":"(anonymous_8)","decl":{"start":{"line":70,"column":24},"end":{"line":70,"column":25}},"loc":{"start":{"line":70,"column":29},"end":{"line":70,"column":59}},"line":70},"9":{"name":"(anonymous_9)","decl":{"start":{"line":80,"column":19},"end":{"line":80,"column":20}},"loc":{"start":{"line":80,"column":25},"end":{"line":80,"column":55}},"line":80}},"branchMap":{},"s":{"0":0,"1":0,"2":0,"3":0,"4":0,"5":0,"6":0,"7":0,"8":0,"9":0,"10":0,"11":0,"12":0,"13":0,"14":0,"15":0,"16":0,"17":0,"18":0,"19":0},"f":{"0":0,"1":0,"2":0,"3":0,"4":0,"5":0,"6":0,"7":0,"8":0,"9":0},"b":{},"hash":"501bcac854693b6b052dedc192bab335d287cacb"}
,"C:\\Users\\amitr\\Desktop\\ProjektGrupowy\\OcenKierowce\\OcenKierowce\\src\\screens\\SingUpScreen.js": {"path":"C:\\Users\\amitr\\Desktop\\ProjektGrupowy\\OcenKierowce\\OcenKierowce\\src\\screens\\SingUpScreen.js","statementMap":{"0":{"start":{"line":10,"column":29},"end":{"line":12,"column":3}},"1":{"start":{"line":14,"column":4},"end":{"line":14,"column":17}},"2":{"start":{"line":16,"column":4},"end":{"line":21,"column":6}},"3":{"start":{"line":24,"column":17},"end":{"line":56,"column":3}},"4":{"start":{"line":25,"column":4},"end":{"line":34,"column":9}},"5":{"start":{"line":30,"column":24},"end":{"line":30,"column":34}},"6":{"start":{"line":31,"column":27},"end":{"line":31,"column":40}},"7":{"start":{"line":32,"column":8},"end":{"line":32,"column":31}},"8":{"start":{"line":33,"column":8},"end":{"line":33,"column":34}},"9":{"start":{"line":35,"column":16},"end":{"line":35,"column":26}},"10":{"start":{"line":36,"column":4},"end":{"line":55,"column":7}},"11":{"start":{"line":37,"column":6},"end":{"line":54,"column":7}},"12":{"start":{"line":38,"column":20},"end":{"line":38,"column":30}},"13":{"start":{"line":39,"column":18},"end":{"line":39,"column":26}},"14":{"start":{"line":40,"column":8},"end":{"line":40,"column":35}},"15":{"start":{"line":41,"column":8},"end":{"line":41,"column":27}},"16":{"start":{"line":42,"column":8},"end":{"line":49,"column":13}},"17":{"start":{"line":58,"column":4},"end":{"line":98,"column":6}},"18":{"start":{"line":65,"column":29},"end":{"line":65,"column":56}},"19":{"start":{"line":72,"column":29},"end":{"line":72,"column":59}},"20":{"start":{"line":78,"column":29},"end":{"line":78,"column":55}},"21":{"start":{"line":84,"column":29},"end":{"line":84,"column":62}},"22":{"start":{"line":94,"column":25},"end":{"line":94,"column":55}}},"fnMap":{"0":{"name":"(anonymous_0)","decl":{"start":{"line":13,"column":2},"end":{"line":13,"column":3}},"loc":{"start":{"line":13,"column":21},"end":{"line":22,"column":3}},"line":13},"1":{"name":"(anonymous_1)","decl":{"start":{"line":24,"column":17},"end":{"line":24,"column":18}},"loc":{"start":{"line":24,"column":23},"end":{"line":56,"column":3}},"line":24},"2":{"name":"(anonymous_2)","decl":{"start":{"line":28,"column":13},"end":{"line":28,"column":14}},"loc":{"start":{"line":28,"column":29},"end":{"line":34,"column":7}},"line":28},"3":{"name":"(anonymous_3)","decl":{"start":{"line":36,"column":39},"end":{"line":36,"column":40}},"loc":{"start":{"line":36,"column":54},"end":{"line":55,"column":5}},"line":36},"4":{"name":"(anonymous_4)","decl":{"start":{"line":57,"column":2},"end":{"line":57,"column":3}},"loc":{"start":{"line":57,"column":11},"end":{"line":99,"column":3}},"line":57},"5":{"name":"(anonymous_5)","decl":{"start":{"line":65,"column":24},"end":{"line":65,"column":25}},"loc":{"start":{"line":65,"column":29},"end":{"line":65,"column":56}},"line":65},"6":{"name":"(anonymous_6)","decl":{"start":{"line":72,"column":24},"end":{"line":72,"column":25}},"loc":{"start":{"line":72,"column":29},"end":{"line":72,"column":59}},"line":72},"7":{"name":"(anonymous_7)","decl":{"start":{"line":78,"column":24},"end":{"line":78,"column":25}},"loc":{"start":{"line":78,"column":29},"end":{"line":78,"column":55}},"line":78},"8":{"name":"(anonymous_8)","decl":{"start":{"line":84,"column":24},"end":{"line":84,"column":25}},"loc":{"start":{"line":84,"column":29},"end":{"line":84,"column":62}},"line":84},"9":{"name":"(anonymous_9)","decl":{"start":{"line":94,"column":19},"end":{"line":94,"column":20}},"loc":{"start":{"line":94,"column":25},"end":{"line":94,"column":55}},"line":94}},"branchMap":{"0":{"loc":{"start":{"line":37,"column":6},"end":{"line":54,"column":7}},"type":"if","locations":[{"start":{"line":37,"column":6},"end":{"line":54,"column":7}},{"start":{"line":37,"column":6},"end":{"line":54,"column":7}}],"line":37}},"s":{"0":0,"1":0,"2":0,"3":0,"4":0,"5":0,"6":0,"7":0,"8":0,"9":0,"10":0,"11":0,"12":0,"13":0,"14":0,"15":0,"16":0,"17":0,"18":0,"19":0,"20":0,"21":0,"22":0},"f":{"0":0,"1":0,"2":0,"3":0,"4":0,"5":0,"6":0,"7":0,"8":0,"9":0},"b":{"0":[0,0]},"hash":"cb54cb25b9080dd04a56d8195f4e279f6b37e741"}
}
